<?xml version="1.0" encoding="UTF-8"?>
<testsuite xmlns:xsi="http://www.w3.org/2001/XMLSchema-instance" xsi:noNamespaceSchemaLocation="https://maven.apache.org/surefire/maven-surefire-plugin/xsd/surefire-test-report.xsd" version="3.0.2" name="TestSuite" time="431.13" tests="31" errors="0" skipped="1" failures="6">
  <properties>
    <property name="java.specification.version" value="21"/>
    <property name="sun.cpu.isalist" value="amd64"/>
    <property name="sun.jnu.encoding" value="Cp1252"/>
    <property name="java.class.path" value="C:\Interview\ErnxConsumerApp\target\test-classes;C:\Interview\ErnxConsumerApp\target\classes;C:\Users\gauta\.m2\repository\com\microsoft\playwright\playwright\1.51.0\playwright-1.51.0.jar;C:\Users\gauta\.m2\repository\com\google\code\gson\gson\2.12.1\gson-2.12.1.jar;C:\Users\gauta\.m2\repository\com\google\errorprone\error_prone_annotations\2.36.0\error_prone_annotations-2.36.0.jar;C:\Users\gauta\.m2\repository\org\opentest4j\opentest4j\1.3.0\opentest4j-1.3.0.jar;C:\Users\gauta\.m2\repository\com\microsoft\playwright\driver\1.51.0\driver-1.51.0.jar;C:\Users\gauta\.m2\repository\com\microsoft\playwright\driver-bundle\1.51.0\driver-bundle-1.51.0.jar;C:\Users\gauta\.m2\repository\com\sun\mail\javax.mail\1.6.2\javax.mail-1.6.2.jar;C:\Users\gauta\.m2\repository\javax\activation\activation\1.1\activation-1.1.jar;C:\Users\gauta\.m2\repository\org\testng\testng\7.11.0\testng-7.11.0.jar;C:\Users\gauta\.m2\repository\org\slf4j\slf4j-api\2.0.16\slf4j-api-2.0.16.jar;C:\Users\gauta\.m2\repository\org\jcommander\jcommander\1.83\jcommander-1.83.jar;C:\Users\gauta\.m2\repository\org\webjars\jquery\3.7.1\jquery-3.7.1.jar;"/>
    <property name="java.vm.vendor" value="Oracle Corporation"/>
    <property name="sun.arch.data.model" value="64"/>
    <property name="user.variant" value=""/>
    <property name="java.vendor.url" value="https://java.oracle.com/"/>
    <property name="user.timezone" value="Asia/Calcutta"/>
    <property name="os.name" value="Windows 11"/>
    <property name="java.vm.specification.version" value="21"/>
    <property name="sun.java.launcher" value="SUN_STANDARD"/>
    <property name="user.country" value="IN"/>
    <property name="sun.boot.library.path" value="C:\Program Files\Java\jdk-21\bin"/>
    <property name="sun.java.command" value="C:\Users\gauta\AppData\Local\Temp\surefire2830076953449113283\surefirebooter-20250429174557086_3.jar C:\Users\gauta\AppData\Local\Temp\surefire2830076953449113283 2025-04-29T17-45-56_956-jvmRun1 surefire-20250429174557086_1tmp surefire_0-20250429174557086_2tmp"/>
    <property name="jdk.debug" value="release"/>
    <property name="surefire.test.class.path" value="C:\Interview\ErnxConsumerApp\target\test-classes;C:\Interview\ErnxConsumerApp\target\classes;C:\Users\gauta\.m2\repository\com\microsoft\playwright\playwright\1.51.0\playwright-1.51.0.jar;C:\Users\gauta\.m2\repository\com\google\code\gson\gson\2.12.1\gson-2.12.1.jar;C:\Users\gauta\.m2\repository\com\google\errorprone\error_prone_annotations\2.36.0\error_prone_annotations-2.36.0.jar;C:\Users\gauta\.m2\repository\org\opentest4j\opentest4j\1.3.0\opentest4j-1.3.0.jar;C:\Users\gauta\.m2\repository\com\microsoft\playwright\driver\1.51.0\driver-1.51.0.jar;C:\Users\gauta\.m2\repository\com\microsoft\playwright\driver-bundle\1.51.0\driver-bundle-1.51.0.jar;C:\Users\gauta\.m2\repository\com\sun\mail\javax.mail\1.6.2\javax.mail-1.6.2.jar;C:\Users\gauta\.m2\repository\javax\activation\activation\1.1\activation-1.1.jar;C:\Users\gauta\.m2\repository\org\testng\testng\7.11.0\testng-7.11.0.jar;C:\Users\gauta\.m2\repository\org\slf4j\slf4j-api\2.0.16\slf4j-api-2.0.16.jar;C:\Users\gauta\.m2\repository\org\jcommander\jcommander\1.83\jcommander-1.83.jar;C:\Users\gauta\.m2\repository\org\webjars\jquery\3.7.1\jquery-3.7.1.jar;"/>
    <property name="sun.cpu.endian" value="little"/>
    <property name="user.home" value="C:\Users\gauta"/>
    <property name="user.language" value="en"/>
    <property name="java.specification.vendor" value="Oracle Corporation"/>
    <property name="java.version.date" value="2025-01-21"/>
    <property name="java.home" value="C:\Program Files\Java\jdk-21"/>
    <property name="file.separator" value="\"/>
    <property name="basedir" value="C:\Interview\ErnxConsumerApp"/>
    <property name="java.vm.compressedOopsMode" value="Zero based"/>
    <property name="line.separator" value="&#10;"/>
    <property name="java.vm.specification.vendor" value="Oracle Corporation"/>
    <property name="java.specification.name" value="Java Platform API Specification"/>
    <property name="surefire.real.class.path" value="C:\Users\gauta\AppData\Local\Temp\surefire2830076953449113283\surefirebooter-20250429174557086_3.jar"/>
    <property name="user.script" value=""/>
    <property name="sun.management.compiler" value="HotSpot 64-Bit Tiered Compilers"/>
    <property name="java.runtime.version" value="21.0.6+8-LTS-188"/>
    <property name="user.name" value="gauta"/>
    <property name="stdout.encoding" value="Cp1252"/>
    <property name="path.separator" value=";"/>
    <property name="os.version" value="10.0"/>
    <property name="java.runtime.name" value="Java(TM) SE Runtime Environment"/>
    <property name="file.encoding" value="UTF-8"/>
    <property name="java.vm.name" value="Java HotSpot(TM) 64-Bit Server VM"/>
    <property name="localRepository" value="C:\Users\gauta\.m2\repository"/>
    <property name="java.vendor.url.bug" value="https://bugreport.java.com/bugreport/"/>
    <property name="java.io.tmpdir" value="C:\Users\gauta\AppData\Local\Temp\"/>
    <property name="java.version" value="21.0.6"/>
    <property name="user.dir" value="C:\Interview\ErnxConsumerApp"/>
    <property name="os.arch" value="amd64"/>
    <property name="java.vm.specification.name" value="Java Virtual Machine Specification"/>
    <property name="sun.os.patch.level" value=""/>
    <property name="native.encoding" value="Cp1252"/>
    <property name="java.library.path" value="C:\Program Files\Java\jdk-21\bin;C:\Windows\Sun\Java\bin;C:\Windows\system32;C:\Windows;C:\Program Files\Common Files\Oracle\Java\javapath;C:\Windows\system32;C:\Windows;C:\Windows\System32\Wbem;C:\Windows\System32\WindowsPowerShell\v1.0\;C:\Windows\System32\OpenSSH\;C:\Program Files (x86)\NVIDIA Corporation\PhysX\Common;C:\Program Files\NVIDIA Corporation\NVIDIA NvDLISR;C:\Program Files\Git\cmd;C:\Program Files\Java\jdk-21\bin;C:\Program Files\Java\jdk-21\bin;C:\Program Files\Java\jdk-21;C:\Interview\apache-maven-3.9.9\bin;C:\Users\gauta\AppData\Local\Microsoft\WindowsApps;C:\Program Files\Java\jdk-23\bin;C:\Users\gauta\AppData\Local\Programs\Microsoft VS Code\bin;."/>
    <property name="java.vm.info" value="mixed mode, sharing"/>
    <property name="stderr.encoding" value="Cp1252"/>
    <property name="java.vendor" value="Oracle Corporation"/>
    <property name="java.vm.version" value="21.0.6+8-LTS-188"/>
    <property name="sun.io.unicode.encoding" value="UnicodeLittle"/>
    <property name="java.class.version" value="65.0"/>
  </properties>
  <testcase name="chooseReward" classname="homeTestCases.navigations" time="25.681">
    <system-err><![CDATA[SLF4J(W): No SLF4J providers were found.
SLF4J(W): Defaulting to no-operation (NOP) logger implementation
SLF4J(W): See https://www.slf4j.org/codes.html#noProviders for further details.
Apr 29, 2025 5:46:07 PM homeTestCases.navigations login
INFO: Starting browser and Test Case
Apr 29, 2025 5:46:08 PM homeTestCases.navigations login
INFO: Login Page Opened
Apr 29, 2025 5:46:13 PM homeTestCases.navigations login
INFO: Getting Otp and filling
Apr 29, 2025 5:46:21 PM homeTestCases.navigations login
INFO: Otp is Verified
Apr 29, 2025 5:46:31 PM homeTestCases.navigations login
INFO: Verifying the Name of child and URL is correct
Apr 29, 2025 5:46:31 PM homeTestCases.navigations login
INFO: Login Success!!!!
Apr 29, 2025 5:46:31 PM homeTestCases.navigations chooseReward
INFO: Starting chooseReward Test Case!!!
Apr 29, 2025 5:46:33 PM homeTestCases.navigations chooseReward
INFO: chooseReward Test Case Passed!!!
]]></system-err>
  </testcase>
  <testcase name="gameRules" classname="homeTestCases.navigations" time="0.418">
    <system-err><![CDATA[Apr 29, 2025 5:46:33 PM homeTestCases.navigations gameRules
INFO: Starting game rules Test Case!!!
Apr 29, 2025 5:46:33 PM homeTestCases.navigations gameRules
INFO: game rules Test Case Passed!!!
]]></system-err>
  </testcase>
  <testcase name="historyPage" classname="homeTestCases.navigations" time="2.395">
    <system-err><![CDATA[Apr 29, 2025 5:46:33 PM homeTestCases.navigations historyPage
INFO: Starting historyPage Test Case!!!
]]></system-err>
  </testcase>
  <testcase name="settingsNavigations" classname="homeTestCases.navigations" time="0.226">
    <system-err><![CDATA[Apr 29, 2025 5:46:35 PM homeTestCases.navigations settingsNavigations
INFO: Starting settingsNavigations Test Case!!!
]]></system-err>
  </testcase>
  <testcase name="storeNavigation" classname="homeTestCases.navigations" time="5.111">
    <system-err><![CDATA[Apr 29, 2025 5:46:36 PM homeTestCases.navigations storeNavigation
INFO: Starting storeNavigation Test Case!!!
]]></system-err>
  </testcase>
  <testcase name="clickingOnActivities" classname="gamePage.clickingBrushOrFloss" time="7.099">
    <system-out><![CDATA[Streak is Created for the day....After clicking on 3 Activities
]]></system-out>
    <system-err><![CDATA[Apr 29, 2025 5:46:42 PM gamePage.clickingBrushOrFloss login
INFO: Starting browser and Test Case
Apr 29, 2025 5:46:43 PM gamePage.clickingBrushOrFloss login
INFO: Login Page Opened
Apr 29, 2025 5:46:48 PM gamePage.clickingBrushOrFloss login
INFO: Getting Otp and filling
Apr 29, 2025 5:46:56 PM gamePage.clickingBrushOrFloss login
INFO: Otp is Veified
Apr 29, 2025 5:47:07 PM gamePage.clickingBrushOrFloss login
INFO: Verifying the Name of child and URL is correct
Apr 29, 2025 5:47:07 PM gamePage.clickingBrushOrFloss login
INFO: Login Success!!!!
Apr 29, 2025 5:47:07 PM gamePage.clickingBrushOrFloss clickingOnActivities
INFO: Clicking on activities
Apr 29, 2025 5:47:07 PM gamePage.clickingBrushOrFloss clickingOnActivities
INFO: Clicking on activity 1
Apr 29, 2025 5:47:09 PM gamePage.clickingBrushOrFloss clickingOnActivities
INFO: Activity 1 completed
Apr 29, 2025 5:47:09 PM gamePage.clickingBrushOrFloss clickingOnActivities
INFO: Clicking on activity 2
Apr 29, 2025 5:47:11 PM gamePage.clickingBrushOrFloss clickingOnActivities
INFO: Activity 2 completed
Apr 29, 2025 5:47:11 PM gamePage.clickingBrushOrFloss clickingOnActivities
INFO: Adding activity 3
Apr 29, 2025 5:47:11 PM gamePage.clickingBrushOrFloss clickingOnActivities
INFO: Clicking on activity 3
Apr 29, 2025 5:47:14 PM gamePage.clickingBrushOrFloss clickingOnActivities
INFO: Activity 3 completed
]]></system-err>
  </testcase>
  <testcase name="newLoginAddChild" classname="LoginPage.LoginTestConsumer" time="14.233">
    <system-err><![CDATA[Apr 29, 2025 5:47:15 PM LoginPage.LoginTestConsumer newLoginAddChild
INFO: Starting browser and Test Case
Apr 29, 2025 5:47:17 PM LoginPage.LoginTestConsumer newLoginAddChild
INFO: Login Page Opened
Apr 29, 2025 5:47:22 PM LoginPage.LoginTestConsumer newLoginAddChild
INFO: Getting OTP and filling
Apr 29, 2025 5:47:29 PM LoginPage.LoginTestConsumer newLoginAddChild
INFO: Otp is Verified
]]></system-err>
  </testcase>
  <testcase name="oldUserLoginAddChild" classname="LoginPage.LoginTestConsumer" time="30.35">
    <failure message="Error {&#10;  message=&apos;Timeout 30000ms exceeded.&#10;  name=&apos;TimeoutError&#10;  stack=&apos;TimeoutError: Timeout 30000ms exceeded.&#10;    at ProgressController.run (C:\Users\gauta\AppData\Local\Temp\playwright-java-189160567917063070\package\lib\server\progress.js:75:26)&#10;    at Frame.type (C:\Users\gauta\AppData\Local\Temp\playwright-java-189160567917063070\package\lib\server\frames.js:1207:23)&#10;    at FrameDispatcher.type (C:\Users\gauta\AppData\Local\Temp\playwright-java-189160567917063070\package\lib\server\dispatchers\frameDispatcher.js:248:30)&#10;    at FrameDispatcher._handleCommand (C:\Users\gauta\AppData\Local\Temp\playwright-java-189160567917063070\package\lib\server\dispatchers\dispatcher.js:96:40)&#10;    at DispatcherConnection.dispatch (C:\Users\gauta\AppData\Local\Temp\playwright-java-189160567917063070\package\lib\server\dispatchers\dispatcher.js:366:39)&#10;}&#10;Call log:&#10;-   - waiting for getByPlaceholder(&quot;Email&quot;)&#10;" type="com.microsoft.playwright.TimeoutError"><![CDATA[com.microsoft.playwright.TimeoutError: 
Error {
  message='Timeout 30000ms exceeded.
  name='TimeoutError
  stack='TimeoutError: Timeout 30000ms exceeded.
    at ProgressController.run (C:\Users\gauta\AppData\Local\Temp\playwright-java-189160567917063070\package\lib\server\progress.js:75:26)
    at Frame.type (C:\Users\gauta\AppData\Local\Temp\playwright-java-189160567917063070\package\lib\server\frames.js:1207:23)
    at FrameDispatcher.type (C:\Users\gauta\AppData\Local\Temp\playwright-java-189160567917063070\package\lib\server\dispatchers\frameDispatcher.js:248:30)
    at FrameDispatcher._handleCommand (C:\Users\gauta\AppData\Local\Temp\playwright-java-189160567917063070\package\lib\server\dispatchers\dispatcher.js:96:40)
    at DispatcherConnection.dispatch (C:\Users\gauta\AppData\Local\Temp\playwright-java-189160567917063070\package\lib\server\dispatchers\dispatcher.js:366:39)
}
Call log:
-   - waiting for getByPlaceholder("Email")

	at com.microsoft.playwright.impl.WaitableResult.get(WaitableResult.java:52)
	at com.microsoft.playwright.impl.ChannelOwner.runUntil(ChannelOwner.java:132)
	at com.microsoft.playwright.impl.Connection.sendMessage(Connection.java:130)
	at com.microsoft.playwright.impl.ChannelOwner.sendMessage(ChannelOwner.java:118)
	at com.microsoft.playwright.impl.FrameImpl.typeImpl(FrameImpl.java:843)
	at com.microsoft.playwright.impl.FrameImpl.lambda$type$40(FrameImpl.java:833)
	at com.microsoft.playwright.impl.LoggingSupport.lambda$withLogging$0(LoggingSupport.java:36)
	at com.microsoft.playwright.impl.LoggingSupport.withLogging(LoggingSupport.java:47)
	at com.microsoft.playwright.impl.ChannelOwner.withLogging(ChannelOwner.java:97)
	at com.microsoft.playwright.impl.LoggingSupport.withLogging(LoggingSupport.java:35)
	at com.microsoft.playwright.impl.FrameImpl.type(FrameImpl.java:833)
	at com.microsoft.playwright.impl.LocatorImpl.type(LocatorImpl.java:614)
	at com.microsoft.playwright.Locator.type(Locator.java:5302)
	at LoginPage.LoginTestConsumer.oldUserLoginAddChild(LoginTestConsumer.java:89)
	at java.base/jdk.internal.reflect.DirectMethodHandleAccessor.invoke(DirectMethodHandleAccessor.java:103)
	at java.base/java.lang.reflect.Method.invoke(Method.java:580)
	at org.testng.internal.invokers.MethodInvocationHelper.invokeMethod(MethodInvocationHelper.java:141)
	at org.testng.internal.invokers.TestInvoker.invokeMethod(TestInvoker.java:687)
	at org.testng.internal.invokers.TestInvoker.invokeTestMethod(TestInvoker.java:230)
	at org.testng.internal.invokers.MethodRunner.runInSequence(MethodRunner.java:63)
	at org.testng.internal.invokers.TestInvoker$MethodInvocationAgent.invoke(TestInvoker.java:995)
	at org.testng.internal.invokers.TestInvoker.invokeTestMethods(TestInvoker.java:203)
	at org.testng.internal.invokers.TestMethodWorker.invokeTestMethods(TestMethodWorker.java:154)
	at org.testng.internal.invokers.TestMethodWorker.run(TestMethodWorker.java:134)
	at java.base/java.util.ArrayList.forEach(ArrayList.java:1596)
	at org.testng.TestRunner.privateRun(TestRunner.java:741)
	at org.testng.TestRunner.run(TestRunner.java:616)
	at org.testng.SuiteRunner.runTest(SuiteRunner.java:421)
	at org.testng.SuiteRunner.runSequentially(SuiteRunner.java:413)
	at org.testng.SuiteRunner.privateRun(SuiteRunner.java:373)
	at org.testng.SuiteRunner.run(SuiteRunner.java:312)
	at org.testng.SuiteRunnerWorker.runSuite(SuiteRunnerWorker.java:52)
	at org.testng.SuiteRunnerWorker.run(SuiteRunnerWorker.java:95)
	at org.testng.TestNG.runSuitesSequentially(TestNG.java:1274)
	at org.testng.TestNG.runSuitesLocally(TestNG.java:1208)
	at org.testng.TestNG.runSuites(TestNG.java:1112)
	at org.testng.TestNG.run(TestNG.java:1079)
	at org.apache.maven.surefire.testng.TestNGExecutor.run(TestNGExecutor.java:308)
	at org.apache.maven.surefire.testng.TestNGXmlTestSuite.execute(TestNGXmlTestSuite.java:71)
	at org.apache.maven.surefire.testng.TestNGProvider.invoke(TestNGProvider.java:113)
	at org.apache.maven.surefire.booter.ForkedBooter.runSuitesInProcess(ForkedBooter.java:385)
	at org.apache.maven.surefire.booter.ForkedBooter.execute(ForkedBooter.java:162)
	at org.apache.maven.surefire.booter.ForkedBooter.run(ForkedBooter.java:507)
	at org.apache.maven.surefire.booter.ForkedBooter.main(ForkedBooter.java:495)
Caused by: com.microsoft.playwright.TimeoutError: Error {
  message='Timeout 30000ms exceeded.
  name='TimeoutError
  stack='TimeoutError: Timeout 30000ms exceeded.
    at ProgressController.run (C:\Users\gauta\AppData\Local\Temp\playwright-java-189160567917063070\package\lib\server\progress.js:75:26)
    at Frame.type (C:\Users\gauta\AppData\Local\Temp\playwright-java-189160567917063070\package\lib\server\frames.js:1207:23)
    at FrameDispatcher.type (C:\Users\gauta\AppData\Local\Temp\playwright-java-189160567917063070\package\lib\server\dispatchers\frameDispatcher.js:248:30)
    at FrameDispatcher._handleCommand (C:\Users\gauta\AppData\Local\Temp\playwright-java-189160567917063070\package\lib\server\dispatchers\dispatcher.js:96:40)
    at DispatcherConnection.dispatch (C:\Users\gauta\AppData\Local\Temp\playwright-java-189160567917063070\package\lib\server\dispatchers\dispatcher.js:366:39)
}
Call log:
-   - waiting for getByPlaceholder("Email")

	at com.microsoft.playwright.impl.Connection.dispatch(Connection.java:254)
	at com.microsoft.playwright.impl.Connection.processOneMessage(Connection.java:211)
	at com.microsoft.playwright.impl.ChannelOwner.runUntil(ChannelOwner.java:130)
	... 42 more
]]></failure>
    <system-err><![CDATA[Apr 29, 2025 5:47:29 PM LoginPage.LoginTestConsumer oldUserLoginAddChild
INFO: Starting browser and Test Case
Apr 29, 2025 5:47:30 PM LoginPage.LoginTestConsumer oldUserLoginAddChild
INFO: Login Page Opened
]]></system-err>
  </testcase>
  <testcase name="login" classname="SettingsPage.settingsTestCases" time="15.203">
    <system-err><![CDATA[Apr 29, 2025 5:48:01 PM SettingsPage.settingsTestCases login
INFO: Starting browser and Test Case
Apr 29, 2025 5:48:02 PM SettingsPage.settingsTestCases login
INFO: Login Page Opened
Apr 29, 2025 5:48:07 PM SettingsPage.settingsTestCases login
INFO: Getting Otp and filling
Apr 29, 2025 5:48:16 PM SettingsPage.settingsTestCases login
INFO: Otp is Verified
]]></system-err>
  </testcase>
  <testcase name="changeParentName" classname="SettingsPage.settingsTestCases" time="0.253">
    <system-err><![CDATA[Apr 29, 2025 5:48:16 PM SettingsPage.settingsTestCases changeParentName
INFO: Starting changeParentName Test Case!!!
Apr 29, 2025 5:48:16 PM SettingsPage.settingsTestCases changeParentName
INFO: Saving the Changes
Apr 29, 2025 5:48:16 PM SettingsPage.settingsTestCases changeParentName
INFO: Data Updated
Apr 29, 2025 5:48:16 PM SettingsPage.settingsTestCases changeParentName
INFO: changeParentName Test Case Passed !!!
]]></system-err>
  </testcase>
  <testcase name="testChooseReward" classname="homeTestCases.navigationsAndroid" time="24.622">
    <system-err><![CDATA[Apr 29, 2025 5:48:17 PM homeTestCases.navigationsAndroid login
INFO: Starting browser and Test Case
Apr 29, 2025 5:48:18 PM homeTestCases.navigationsAndroid login
INFO: Login Page Opened
Apr 29, 2025 5:48:24 PM homeTestCases.navigationsAndroid login
INFO: Getting Otp and filling
Apr 29, 2025 5:48:31 PM homeTestCases.navigationsAndroid login
INFO: Otp is Veified
Apr 29, 2025 5:48:41 PM homeTestCases.navigationsAndroid login
INFO: Verifying the Name of child and URL is correct
Apr 29, 2025 5:48:41 PM homeTestCases.navigationsAndroid login
INFO: Login Success!!!!
Apr 29, 2025 5:48:41 PM homeTestCases.navigationsAndroid testChooseReward
INFO: Starting chooseReward Test Case!!!
Apr 29, 2025 5:48:42 PM homeTestCases.navigationsAndroid testChooseReward
INFO: chooseReward Test Case Passed!!!
]]></system-err>
  </testcase>
  <testcase name="testGameRules" classname="homeTestCases.navigationsAndroid" time="0.467">
    <system-err><![CDATA[Apr 29, 2025 5:48:42 PM homeTestCases.navigationsAndroid testGameRules
INFO: Starting game rules Test Case!!!
Apr 29, 2025 5:48:42 PM homeTestCases.navigationsAndroid testGameRules
INFO: game rules Test Case Passed!!!
]]></system-err>
  </testcase>
  <testcase name="testHistoryPage" classname="homeTestCases.navigationsAndroid" time="2.472">
    <system-err><![CDATA[Apr 29, 2025 5:48:42 PM homeTestCases.navigationsAndroid testHistoryPage
INFO: Starting historyPage Test Case!!!
Apr 29, 2025 5:48:45 PM homeTestCases.navigationsAndroid testHistoryPage
INFO: historyPage Test Case Passed!!!
]]></system-err>
  </testcase>
  <testcase name="testSendExtraPoints" classname="homeTestCases.navigationsAndroid" time="30.027">
    <failure message="Error {&#10;  message=&apos;Timeout 30000ms exceeded.&#10;  name=&apos;TimeoutError&#10;  stack=&apos;TimeoutError: Timeout 30000ms exceeded.&#10;    at ProgressController.run (C:\Users\gauta\AppData\Local\Temp\playwright-java-189160567917063070\package\lib\server\progress.js:75:26)&#10;    at Frame.click (C:\Users\gauta\AppData\Local\Temp\playwright-java-189160567917063070\package\lib\server\frames.js:1022:23)&#10;    at FrameDispatcher.click (C:\Users\gauta\AppData\Local\Temp\playwright-java-189160567917063070\package\lib\server\dispatchers\frameDispatcher.js:157:30)&#10;    at FrameDispatcher._handleCommand (C:\Users\gauta\AppData\Local\Temp\playwright-java-189160567917063070\package\lib\server\dispatchers\dispatcher.js:96:40)&#10;    at DispatcherConnection.dispatch (C:\Users\gauta\AppData\Local\Temp\playwright-java-189160567917063070\package\lib\server\dispatchers\dispatcher.js:366:39)&#10;}&#10;Call log:&#10;-   - waiting for locator(&quot;//button[normalize-space()=&apos;Give Extra Points&apos;]&quot;)&#10;" type="com.microsoft.playwright.TimeoutError"><![CDATA[com.microsoft.playwright.TimeoutError: 
Error {
  message='Timeout 30000ms exceeded.
  name='TimeoutError
  stack='TimeoutError: Timeout 30000ms exceeded.
    at ProgressController.run (C:\Users\gauta\AppData\Local\Temp\playwright-java-189160567917063070\package\lib\server\progress.js:75:26)
    at Frame.click (C:\Users\gauta\AppData\Local\Temp\playwright-java-189160567917063070\package\lib\server\frames.js:1022:23)
    at FrameDispatcher.click (C:\Users\gauta\AppData\Local\Temp\playwright-java-189160567917063070\package\lib\server\dispatchers\frameDispatcher.js:157:30)
    at FrameDispatcher._handleCommand (C:\Users\gauta\AppData\Local\Temp\playwright-java-189160567917063070\package\lib\server\dispatchers\dispatcher.js:96:40)
    at DispatcherConnection.dispatch (C:\Users\gauta\AppData\Local\Temp\playwright-java-189160567917063070\package\lib\server\dispatchers\dispatcher.js:366:39)
}
Call log:
-   - waiting for locator("//button[normalize-space()='Give Extra Points']")

	at com.microsoft.playwright.impl.WaitableResult.get(WaitableResult.java:52)
	at com.microsoft.playwright.impl.ChannelOwner.runUntil(ChannelOwner.java:132)
	at com.microsoft.playwright.impl.Connection.sendMessage(Connection.java:130)
	at com.microsoft.playwright.impl.ChannelOwner.sendMessage(ChannelOwner.java:118)
	at com.microsoft.playwright.impl.FrameImpl.clickImpl(FrameImpl.java:252)
	at com.microsoft.playwright.impl.FrameImpl.lambda$click$8(FrameImpl.java:243)
	at com.microsoft.playwright.impl.LoggingSupport.lambda$withLogging$0(LoggingSupport.java:36)
	at com.microsoft.playwright.impl.LoggingSupport.withLogging(LoggingSupport.java:47)
	at com.microsoft.playwright.impl.ChannelOwner.withLogging(ChannelOwner.java:97)
	at com.microsoft.playwright.impl.LoggingSupport.withLogging(LoggingSupport.java:35)
	at com.microsoft.playwright.impl.FrameImpl.click(FrameImpl.java:243)
	at com.microsoft.playwright.impl.LocatorImpl.click(LocatorImpl.java:174)
	at com.microsoft.playwright.Locator.click(Locator.java:2508)
	at homeTestCases.navigationsAndroid.testSendExtraPoints(navigationsAndroid.java:178)
	at java.base/jdk.internal.reflect.DirectMethodHandleAccessor.invoke(DirectMethodHandleAccessor.java:103)
	at java.base/java.lang.reflect.Method.invoke(Method.java:580)
	at org.testng.internal.invokers.MethodInvocationHelper.invokeMethod(MethodInvocationHelper.java:141)
	at org.testng.internal.invokers.TestInvoker.invokeMethod(TestInvoker.java:687)
	at org.testng.internal.invokers.TestInvoker.invokeTestMethod(TestInvoker.java:230)
	at org.testng.internal.invokers.MethodRunner.runInSequence(MethodRunner.java:63)
	at org.testng.internal.invokers.TestInvoker$MethodInvocationAgent.invoke(TestInvoker.java:995)
	at org.testng.internal.invokers.TestInvoker.invokeTestMethods(TestInvoker.java:203)
	at org.testng.internal.invokers.TestMethodWorker.invokeTestMethods(TestMethodWorker.java:154)
	at org.testng.internal.invokers.TestMethodWorker.run(TestMethodWorker.java:134)
	at java.base/java.util.ArrayList.forEach(ArrayList.java:1596)
	at org.testng.TestRunner.privateRun(TestRunner.java:741)
	at org.testng.TestRunner.run(TestRunner.java:616)
	at org.testng.SuiteRunner.runTest(SuiteRunner.java:421)
	at org.testng.SuiteRunner.runSequentially(SuiteRunner.java:413)
	at org.testng.SuiteRunner.privateRun(SuiteRunner.java:373)
	at org.testng.SuiteRunner.run(SuiteRunner.java:312)
	at org.testng.SuiteRunnerWorker.runSuite(SuiteRunnerWorker.java:52)
	at org.testng.SuiteRunnerWorker.run(SuiteRunnerWorker.java:95)
	at org.testng.TestNG.runSuitesSequentially(TestNG.java:1274)
	at org.testng.TestNG.runSuitesLocally(TestNG.java:1208)
	at org.testng.TestNG.runSuites(TestNG.java:1112)
	at org.testng.TestNG.run(TestNG.java:1079)
	at org.apache.maven.surefire.testng.TestNGExecutor.run(TestNGExecutor.java:308)
	at org.apache.maven.surefire.testng.TestNGXmlTestSuite.execute(TestNGXmlTestSuite.java:71)
	at org.apache.maven.surefire.testng.TestNGProvider.invoke(TestNGProvider.java:113)
	at org.apache.maven.surefire.booter.ForkedBooter.runSuitesInProcess(ForkedBooter.java:385)
	at org.apache.maven.surefire.booter.ForkedBooter.execute(ForkedBooter.java:162)
	at org.apache.maven.surefire.booter.ForkedBooter.run(ForkedBooter.java:507)
	at org.apache.maven.surefire.booter.ForkedBooter.main(ForkedBooter.java:495)
Caused by: com.microsoft.playwright.TimeoutError: Error {
  message='Timeout 30000ms exceeded.
  name='TimeoutError
  stack='TimeoutError: Timeout 30000ms exceeded.
    at ProgressController.run (C:\Users\gauta\AppData\Local\Temp\playwright-java-189160567917063070\package\lib\server\progress.js:75:26)
    at Frame.click (C:\Users\gauta\AppData\Local\Temp\playwright-java-189160567917063070\package\lib\server\frames.js:1022:23)
    at FrameDispatcher.click (C:\Users\gauta\AppData\Local\Temp\playwright-java-189160567917063070\package\lib\server\dispatchers\frameDispatcher.js:157:30)
    at FrameDispatcher._handleCommand (C:\Users\gauta\AppData\Local\Temp\playwright-java-189160567917063070\package\lib\server\dispatchers\dispatcher.js:96:40)
    at DispatcherConnection.dispatch (C:\Users\gauta\AppData\Local\Temp\playwright-java-189160567917063070\package\lib\server\dispatchers\dispatcher.js:366:39)
}
Call log:
-   - waiting for locator("//button[normalize-space()='Give Extra Points']")

	at com.microsoft.playwright.impl.Connection.dispatch(Connection.java:254)
	at com.microsoft.playwright.impl.Connection.processOneMessage(Connection.java:211)
	at com.microsoft.playwright.impl.ChannelOwner.runUntil(ChannelOwner.java:130)
	... 42 more
]]></failure>
  </testcase>
  <testcase name="testSettingsNavigation" classname="homeTestCases.navigationsAndroid" time="0.231">
    <system-err><![CDATA[Apr 29, 2025 5:49:15 PM homeTestCases.navigationsAndroid testSettingsNavigation
INFO: Starting settingsNavigations Test Case!!!
]]></system-err>
  </testcase>
  <testcase name="testStoreNavigation" classname="homeTestCases.navigationsAndroid" time="5.11">
    <system-err><![CDATA[Apr 29, 2025 5:49:15 PM homeTestCases.navigationsAndroid testStoreNavigation
INFO: Starting storeNavigation Test Case!!!
]]></system-err>
  </testcase>
  <testcase name="login" classname="gamePage.clickingBrushOrFlossAndroid" time="19.609">
    <failure message="Login Failed expected [true] but found [false]" type="java.lang.AssertionError"><![CDATA[java.lang.AssertionError: Login Failed expected [true] but found [false]
	at org.testng.Assert.fail(Assert.java:111)
	at org.testng.Assert.failNotEquals(Assert.java:1590)
	at org.testng.Assert.assertTrue(Assert.java:57)
	at gamePage.clickingBrushOrFlossAndroid.login(clickingBrushOrFlossAndroid.java:80)
	at java.base/jdk.internal.reflect.DirectMethodHandleAccessor.invoke(DirectMethodHandleAccessor.java:103)
	at java.base/java.lang.reflect.Method.invoke(Method.java:580)
	at org.testng.internal.invokers.MethodInvocationHelper.invokeMethod(MethodInvocationHelper.java:141)
	at org.testng.internal.invokers.TestInvoker.invokeMethod(TestInvoker.java:687)
	at org.testng.internal.invokers.TestInvoker.invokeTestMethod(TestInvoker.java:230)
	at org.testng.internal.invokers.MethodRunner.runInSequence(MethodRunner.java:63)
	at org.testng.internal.invokers.TestInvoker$MethodInvocationAgent.invoke(TestInvoker.java:995)
	at org.testng.internal.invokers.TestInvoker.invokeTestMethods(TestInvoker.java:203)
	at org.testng.internal.invokers.TestMethodWorker.invokeTestMethods(TestMethodWorker.java:154)
	at org.testng.internal.invokers.TestMethodWorker.run(TestMethodWorker.java:134)
	at java.base/java.util.ArrayList.forEach(ArrayList.java:1596)
	at org.testng.TestRunner.privateRun(TestRunner.java:741)
	at org.testng.TestRunner.run(TestRunner.java:616)
	at org.testng.SuiteRunner.runTest(SuiteRunner.java:421)
	at org.testng.SuiteRunner.runSequentially(SuiteRunner.java:413)
	at org.testng.SuiteRunner.privateRun(SuiteRunner.java:373)
	at org.testng.SuiteRunner.run(SuiteRunner.java:312)
	at org.testng.SuiteRunnerWorker.runSuite(SuiteRunnerWorker.java:52)
	at org.testng.SuiteRunnerWorker.run(SuiteRunnerWorker.java:95)
	at org.testng.TestNG.runSuitesSequentially(TestNG.java:1274)
	at org.testng.TestNG.runSuitesLocally(TestNG.java:1208)
	at org.testng.TestNG.runSuites(TestNG.java:1112)
	at org.testng.TestNG.run(TestNG.java:1079)
	at org.apache.maven.surefire.testng.TestNGExecutor.run(TestNGExecutor.java:308)
	at org.apache.maven.surefire.testng.TestNGXmlTestSuite.execute(TestNGXmlTestSuite.java:71)
	at org.apache.maven.surefire.testng.TestNGProvider.invoke(TestNGProvider.java:113)
	at org.apache.maven.surefire.booter.ForkedBooter.runSuitesInProcess(ForkedBooter.java:385)
	at org.apache.maven.surefire.booter.ForkedBooter.execute(ForkedBooter.java:162)
	at org.apache.maven.surefire.booter.ForkedBooter.run(ForkedBooter.java:507)
	at org.apache.maven.surefire.booter.ForkedBooter.main(ForkedBooter.java:495)
]]></failure>
    <system-err><![CDATA[Apr 29, 2025 5:49:21 PM gamePage.clickingBrushOrFlossAndroid login
INFO: Starting browser and Test Case
]]></system-err>
  </testcase>
  <testcase name="clickingOnActivities" classname="gamePage.clickingBrushOrFlossAndroid" time="0.0">
    <skipped message="Method gamePage.clickingBrushOrFlossAndroid.clickingOnActivities() on instance gamePage.clickingBrushOrFlossAndroid@131774fe depends on not successfully finished methods &#10;[gamePage.clickingBrushOrFlossAndroid.login() on instance gamePage.clickingBrushOrFlossAndroid@131774fe]"/>
  </testcase>
  <testcase name="oldUserLoginAddChild" classname="LoginPage.LoginTestConsumerAndroid" time="24.26">
    <system-err><![CDATA[Apr 29, 2025 5:49:41 PM LoginPage.LoginTestConsumerAndroid setup
INFO: Starting browser and Test Case
Apr 29, 2025 5:49:43 PM LoginPage.LoginTestConsumerAndroid oldUserLoginAddChild
INFO: Login Page Opened
Apr 29, 2025 5:49:48 PM LoginPage.LoginTestConsumerAndroid oldUserLoginAddChild
INFO: Getting Otp and filling
Apr 29, 2025 5:49:56 PM LoginPage.LoginTestConsumerAndroid oldUserLoginAddChild
INFO: Otp is Verified
Apr 29, 2025 5:50:05 PM LoginPage.LoginTestConsumerAndroid oldUserLoginAddChild
INFO: Verifying the Name of child and URL is correct
Apr 29, 2025 5:50:05 PM LoginPage.LoginTestConsumerAndroid oldUserLoginAddChild
INFO: Login Success!!!!
]]></system-err>
  </testcase>
  <testcase name="login" classname="SettingsPage.settingsTestCasesAndroid" time="14.029">
    <system-err><![CDATA[Apr 29, 2025 5:50:07 PM SettingsPage.settingsTestCasesAndroid login
INFO: Starting browser and Test Case
Apr 29, 2025 5:50:08 PM SettingsPage.settingsTestCasesAndroid login
INFO: Login Page Opened
Apr 29, 2025 5:50:13 PM SettingsPage.settingsTestCasesAndroid login
INFO: Getting Otp and filling
Apr 29, 2025 5:50:20 PM SettingsPage.settingsTestCasesAndroid login
INFO: Otp is Verified
]]></system-err>
  </testcase>
  <testcase name="changeParentName" classname="SettingsPage.settingsTestCasesAndroid" time="30.279">
    <failure message="Error {&#10;  message=&apos;Timeout 30000ms exceeded.&#10;  name=&apos;TimeoutError&#10;  stack=&apos;TimeoutError: Timeout 30000ms exceeded.&#10;    at ProgressController.run (C:\Users\gauta\AppData\Local\Temp\playwright-java-189160567917063070\package\lib\server\progress.js:75:26)&#10;    at Frame.type (C:\Users\gauta\AppData\Local\Temp\playwright-java-189160567917063070\package\lib\server\frames.js:1207:23)&#10;    at FrameDispatcher.type (C:\Users\gauta\AppData\Local\Temp\playwright-java-189160567917063070\package\lib\server\dispatchers\frameDispatcher.js:248:30)&#10;    at FrameDispatcher._handleCommand (C:\Users\gauta\AppData\Local\Temp\playwright-java-189160567917063070\package\lib\server\dispatchers\dispatcher.js:96:40)&#10;    at DispatcherConnection.dispatch (C:\Users\gauta\AppData\Local\Temp\playwright-java-189160567917063070\package\lib\server\dispatchers\dispatcher.js:366:39)&#10;}&#10;Call log:&#10;-   - waiting for getByPlaceholder(&quot;Email&quot;)&#10;" type="com.microsoft.playwright.TimeoutError"><![CDATA[com.microsoft.playwright.TimeoutError: 
Error {
  message='Timeout 30000ms exceeded.
  name='TimeoutError
  stack='TimeoutError: Timeout 30000ms exceeded.
    at ProgressController.run (C:\Users\gauta\AppData\Local\Temp\playwright-java-189160567917063070\package\lib\server\progress.js:75:26)
    at Frame.type (C:\Users\gauta\AppData\Local\Temp\playwright-java-189160567917063070\package\lib\server\frames.js:1207:23)
    at FrameDispatcher.type (C:\Users\gauta\AppData\Local\Temp\playwright-java-189160567917063070\package\lib\server\dispatchers\frameDispatcher.js:248:30)
    at FrameDispatcher._handleCommand (C:\Users\gauta\AppData\Local\Temp\playwright-java-189160567917063070\package\lib\server\dispatchers\dispatcher.js:96:40)
    at DispatcherConnection.dispatch (C:\Users\gauta\AppData\Local\Temp\playwright-java-189160567917063070\package\lib\server\dispatchers\dispatcher.js:366:39)
}
Call log:
-   - waiting for getByPlaceholder("Email")

	at com.microsoft.playwright.impl.WaitableResult.get(WaitableResult.java:52)
	at com.microsoft.playwright.impl.ChannelOwner.runUntil(ChannelOwner.java:132)
	at com.microsoft.playwright.impl.Connection.sendMessage(Connection.java:130)
	at com.microsoft.playwright.impl.ChannelOwner.sendMessage(ChannelOwner.java:118)
	at com.microsoft.playwright.impl.FrameImpl.typeImpl(FrameImpl.java:843)
	at com.microsoft.playwright.impl.FrameImpl.lambda$type$40(FrameImpl.java:833)
	at com.microsoft.playwright.impl.LoggingSupport.lambda$withLogging$0(LoggingSupport.java:36)
	at com.microsoft.playwright.impl.LoggingSupport.withLogging(LoggingSupport.java:47)
	at com.microsoft.playwright.impl.ChannelOwner.withLogging(ChannelOwner.java:97)
	at com.microsoft.playwright.impl.LoggingSupport.withLogging(LoggingSupport.java:35)
	at com.microsoft.playwright.impl.FrameImpl.type(FrameImpl.java:833)
	at com.microsoft.playwright.impl.LocatorImpl.type(LocatorImpl.java:614)
	at com.microsoft.playwright.Locator.type(Locator.java:5302)
	at SettingsPage.settingsTestCasesAndroid.login(settingsTestCasesAndroid.java:39)
	at SettingsPage.settingsTestCasesAndroid.changeParentName(settingsTestCasesAndroid.java:76)
	at java.base/jdk.internal.reflect.DirectMethodHandleAccessor.invoke(DirectMethodHandleAccessor.java:103)
	at java.base/java.lang.reflect.Method.invoke(Method.java:580)
	at org.testng.internal.invokers.MethodInvocationHelper.invokeMethod(MethodInvocationHelper.java:141)
	at org.testng.internal.invokers.TestInvoker.invokeMethod(TestInvoker.java:687)
	at org.testng.internal.invokers.TestInvoker.invokeTestMethod(TestInvoker.java:230)
	at org.testng.internal.invokers.MethodRunner.runInSequence(MethodRunner.java:63)
	at org.testng.internal.invokers.TestInvoker$MethodInvocationAgent.invoke(TestInvoker.java:995)
	at org.testng.internal.invokers.TestInvoker.invokeTestMethods(TestInvoker.java:203)
	at org.testng.internal.invokers.TestMethodWorker.invokeTestMethods(TestMethodWorker.java:154)
	at org.testng.internal.invokers.TestMethodWorker.run(TestMethodWorker.java:134)
	at java.base/java.util.ArrayList.forEach(ArrayList.java:1596)
	at org.testng.TestRunner.privateRun(TestRunner.java:741)
	at org.testng.TestRunner.run(TestRunner.java:616)
	at org.testng.SuiteRunner.runTest(SuiteRunner.java:421)
	at org.testng.SuiteRunner.runSequentially(SuiteRunner.java:413)
	at org.testng.SuiteRunner.privateRun(SuiteRunner.java:373)
	at org.testng.SuiteRunner.run(SuiteRunner.java:312)
	at org.testng.SuiteRunnerWorker.runSuite(SuiteRunnerWorker.java:52)
	at org.testng.SuiteRunnerWorker.run(SuiteRunnerWorker.java:95)
	at org.testng.TestNG.runSuitesSequentially(TestNG.java:1274)
	at org.testng.TestNG.runSuitesLocally(TestNG.java:1208)
	at org.testng.TestNG.runSuites(TestNG.java:1112)
	at org.testng.TestNG.run(TestNG.java:1079)
	at org.apache.maven.surefire.testng.TestNGExecutor.run(TestNGExecutor.java:308)
	at org.apache.maven.surefire.testng.TestNGXmlTestSuite.execute(TestNGXmlTestSuite.java:71)
	at org.apache.maven.surefire.testng.TestNGProvider.invoke(TestNGProvider.java:113)
	at org.apache.maven.surefire.booter.ForkedBooter.runSuitesInProcess(ForkedBooter.java:385)
	at org.apache.maven.surefire.booter.ForkedBooter.execute(ForkedBooter.java:162)
	at org.apache.maven.surefire.booter.ForkedBooter.run(ForkedBooter.java:507)
	at org.apache.maven.surefire.booter.ForkedBooter.main(ForkedBooter.java:495)
Caused by: com.microsoft.playwright.TimeoutError: Error {
  message='Timeout 30000ms exceeded.
  name='TimeoutError
  stack='TimeoutError: Timeout 30000ms exceeded.
    at ProgressController.run (C:\Users\gauta\AppData\Local\Temp\playwright-java-189160567917063070\package\lib\server\progress.js:75:26)
    at Frame.type (C:\Users\gauta\AppData\Local\Temp\playwright-java-189160567917063070\package\lib\server\frames.js:1207:23)
    at FrameDispatcher.type (C:\Users\gauta\AppData\Local\Temp\playwright-java-189160567917063070\package\lib\server\dispatchers\frameDispatcher.js:248:30)
    at FrameDispatcher._handleCommand (C:\Users\gauta\AppData\Local\Temp\playwright-java-189160567917063070\package\lib\server\dispatchers\dispatcher.js:96:40)
    at DispatcherConnection.dispatch (C:\Users\gauta\AppData\Local\Temp\playwright-java-189160567917063070\package\lib\server\dispatchers\dispatcher.js:366:39)
}
Call log:
-   - waiting for getByPlaceholder("Email")

	at com.microsoft.playwright.impl.Connection.dispatch(Connection.java:254)
	at com.microsoft.playwright.impl.Connection.processOneMessage(Connection.java:211)
	at com.microsoft.playwright.impl.ChannelOwner.runUntil(ChannelOwner.java:130)
	... 43 more
]]></failure>
    <system-err><![CDATA[Apr 29, 2025 5:50:21 PM SettingsPage.settingsTestCasesAndroid login
INFO: Starting browser and Test Case
Apr 29, 2025 5:50:21 PM SettingsPage.settingsTestCasesAndroid login
INFO: Login Page Opened
]]></system-err>
  </testcase>
  <testcase name="chooseReward" classname="homeTestCases.navigationsIphone" time="20.505">
    <system-err><![CDATA[Apr 29, 2025 5:50:52 PM homeTestCases.navigationsIphone login
INFO: Starting browser and Test Case
Apr 29, 2025 5:50:59 PM homeTestCases.navigationsIphone login
INFO: Getting OTP and filling
Apr 29, 2025 5:51:06 PM homeTestCases.navigationsIphone login
INFO: Otp is Verified
Apr 29, 2025 5:51:12 PM homeTestCases.navigationsIphone chooseReward
INFO: Running chooseReward Test Case...
]]></system-err>
  </testcase>
  <testcase name="gameRules" classname="homeTestCases.navigationsIphone" time="0.42"/>
  <testcase name="historyPage" classname="homeTestCases.navigationsIphone" time="2.275"/>
  <testcase name="storeNavigation" classname="homeTestCases.navigationsIphone" time="5.103"/>
  <testcase name="settingsNavigations" classname="homeTestCases.navigationsIphone" time="0.804"/>
  <testcase name="loginAndCreateChildIfNotExists" classname="gamePage.clickingBrushOrFlossIphone" time="19.37">
    <system-err><![CDATA[Apr 29, 2025 5:51:22 PM gamePage.clickingBrushOrFlossIphone loginAndCreateChildIfNotExists
INFO: Starting browser and Test Case
Apr 29, 2025 5:51:23 PM gamePage.clickingBrushOrFlossIphone loginAndCreateChildIfNotExists
INFO: Login Page Opened
Apr 29, 2025 5:51:29 PM gamePage.clickingBrushOrFlossIphone loginAndCreateChildIfNotExists
INFO: Getting Otp and filling
Apr 29, 2025 5:51:36 PM gamePage.clickingBrushOrFlossIphone loginAndCreateChildIfNotExists
INFO: Otp is Verified
Apr 29, 2025 5:51:41 PM gamePage.clickingBrushOrFlossIphone loginAndCreateChildIfNotExists
INFO: Login and child creation successful
]]></system-err>
  </testcase>
  <testcase name="clickingOnActivities" classname="gamePage.clickingBrushOrFlossIphone" time="7.63">
    <system-err><![CDATA[Apr 29, 2025 5:51:41 PM gamePage.clickingBrushOrFlossIphone clickingOnActivities
INFO: Clicking on activities
Apr 29, 2025 5:51:42 PM gamePage.clickingBrushOrFlossIphone clickingOnActivities
INFO: Clicking on activity 1
Apr 29, 2025 5:51:44 PM gamePage.clickingBrushOrFlossIphone clickingOnActivities
INFO: Clicking on activity 2
Apr 29, 2025 5:51:46 PM gamePage.clickingBrushOrFlossIphone clickingOnActivities
INFO: Adding and clicking on activity 3
Apr 29, 2025 5:51:49 PM gamePage.clickingBrushOrFlossIphone clickingOnActivities
INFO: Streak created for the day after 3 activities.
]]></system-err>
  </testcase>
  <testcase name="oldUserLoginAddChild" classname="LoginPage.LoginTestConsumerIphone" time="23.913">
    <system-err><![CDATA[Apr 29, 2025 5:51:49 PM LoginPage.LoginTestConsumerIphone setup
INFO: Starting browser and Test Case
Apr 29, 2025 5:51:50 PM LoginPage.LoginTestConsumerIphone oldUserLoginAddChild
INFO: Login Page Opened
Apr 29, 2025 5:51:56 PM LoginPage.LoginTestConsumerIphone oldUserLoginAddChild
INFO: Getting Otp and filling
Apr 29, 2025 5:52:03 PM LoginPage.LoginTestConsumerIphone oldUserLoginAddChild
INFO: Otp is Verified
Apr 29, 2025 5:52:13 PM LoginPage.LoginTestConsumerIphone oldUserLoginAddChild
INFO: Verifying the Name of child and URL is correct
Apr 29, 2025 5:52:13 PM LoginPage.LoginTestConsumerIphone oldUserLoginAddChild
INFO: Login Success!!!!
]]></system-err>
  </testcase>
  <testcase name="login" classname="SettingsPage.settingsTestCasesIphone" time="23.8">
    <failure message="Child name is wrong expected [true] but found [false]" type="java.lang.AssertionError"><![CDATA[java.lang.AssertionError: Child name is wrong expected [true] but found [false]
	at org.testng.Assert.fail(Assert.java:111)
	at org.testng.Assert.failNotEquals(Assert.java:1590)
	at org.testng.Assert.assertTrue(Assert.java:57)
	at SettingsPage.settingsTestCasesIphone.login(settingsTestCasesIphone.java:109)
	at java.base/jdk.internal.reflect.DirectMethodHandleAccessor.invoke(DirectMethodHandleAccessor.java:103)
	at java.base/java.lang.reflect.Method.invoke(Method.java:580)
	at org.testng.internal.invokers.MethodInvocationHelper.invokeMethod(MethodInvocationHelper.java:141)
	at org.testng.internal.invokers.TestInvoker.invokeMethod(TestInvoker.java:687)
	at org.testng.internal.invokers.TestInvoker.invokeTestMethod(TestInvoker.java:230)
	at org.testng.internal.invokers.MethodRunner.runInSequence(MethodRunner.java:63)
	at org.testng.internal.invokers.TestInvoker$MethodInvocationAgent.invoke(TestInvoker.java:995)
	at org.testng.internal.invokers.TestInvoker.invokeTestMethods(TestInvoker.java:203)
	at org.testng.internal.invokers.TestMethodWorker.invokeTestMethods(TestMethodWorker.java:154)
	at org.testng.internal.invokers.TestMethodWorker.run(TestMethodWorker.java:134)
	at java.base/java.util.ArrayList.forEach(ArrayList.java:1596)
	at org.testng.TestRunner.privateRun(TestRunner.java:741)
	at org.testng.TestRunner.run(TestRunner.java:616)
	at org.testng.SuiteRunner.runTest(SuiteRunner.java:421)
	at org.testng.SuiteRunner.runSequentially(SuiteRunner.java:413)
	at org.testng.SuiteRunner.privateRun(SuiteRunner.java:373)
	at org.testng.SuiteRunner.run(SuiteRunner.java:312)
	at org.testng.SuiteRunnerWorker.runSuite(SuiteRunnerWorker.java:52)
	at org.testng.SuiteRunnerWorker.run(SuiteRunnerWorker.java:95)
	at org.testng.TestNG.runSuitesSequentially(TestNG.java:1274)
	at org.testng.TestNG.runSuitesLocally(TestNG.java:1208)
	at org.testng.TestNG.runSuites(TestNG.java:1112)
	at org.testng.TestNG.run(TestNG.java:1079)
	at org.apache.maven.surefire.testng.TestNGExecutor.run(TestNGExecutor.java:308)
	at org.apache.maven.surefire.testng.TestNGXmlTestSuite.execute(TestNGXmlTestSuite.java:71)
	at org.apache.maven.surefire.testng.TestNGProvider.invoke(TestNGProvider.java:113)
	at org.apache.maven.surefire.booter.ForkedBooter.runSuitesInProcess(ForkedBooter.java:385)
	at org.apache.maven.surefire.booter.ForkedBooter.execute(ForkedBooter.java:162)
	at org.apache.maven.surefire.booter.ForkedBooter.run(ForkedBooter.java:507)
	at org.apache.maven.surefire.booter.ForkedBooter.main(ForkedBooter.java:495)
]]></failure>
    <system-err><![CDATA[Apr 29, 2025 5:52:14 PM SettingsPage.settingsTestCasesIphone setUp
INFO: Starting browser and Test Case
Apr 29, 2025 5:52:15 PM SettingsPage.settingsTestCasesIphone login
INFO: Login Page Opened
Apr 29, 2025 5:52:20 PM SettingsPage.settingsTestCasesIphone login
INFO: Getting Otp and filling
Apr 29, 2025 5:52:27 PM SettingsPage.settingsTestCasesIphone login
INFO: Otp is Verified
Apr 29, 2025 5:52:37 PM SettingsPage.settingsTestCasesIphone login
INFO: Verifying the Name of child and URL is correct
]]></system-err>
  </testcase>
  <testcase name="changeParentName" classname="SettingsPage.settingsTestCasesIphone" time="30.322">
    <failure message="Error {&#10;  message=&apos;Timeout 30000ms exceeded.&#10;  name=&apos;TimeoutError&#10;  stack=&apos;TimeoutError: Timeout 30000ms exceeded.&#10;    at ProgressController.run (C:\Users\gauta\AppData\Local\Temp\playwright-java-189160567917063070\package\lib\server\progress.js:75:26)&#10;    at Frame.type (C:\Users\gauta\AppData\Local\Temp\playwright-java-189160567917063070\package\lib\server\frames.js:1207:23)&#10;    at FrameDispatcher.type (C:\Users\gauta\AppData\Local\Temp\playwright-java-189160567917063070\package\lib\server\dispatchers\frameDispatcher.js:248:30)&#10;    at FrameDispatcher._handleCommand (C:\Users\gauta\AppData\Local\Temp\playwright-java-189160567917063070\package\lib\server\dispatchers\dispatcher.js:96:40)&#10;    at DispatcherConnection.dispatch (C:\Users\gauta\AppData\Local\Temp\playwright-java-189160567917063070\package\lib\server\dispatchers\dispatcher.js:366:39)&#10;}&#10;Call log:&#10;-   - waiting for getByPlaceholder(&quot;Email&quot;)&#10;" type="com.microsoft.playwright.TimeoutError"><![CDATA[com.microsoft.playwright.TimeoutError: 
Error {
  message='Timeout 30000ms exceeded.
  name='TimeoutError
  stack='TimeoutError: Timeout 30000ms exceeded.
    at ProgressController.run (C:\Users\gauta\AppData\Local\Temp\playwright-java-189160567917063070\package\lib\server\progress.js:75:26)
    at Frame.type (C:\Users\gauta\AppData\Local\Temp\playwright-java-189160567917063070\package\lib\server\frames.js:1207:23)
    at FrameDispatcher.type (C:\Users\gauta\AppData\Local\Temp\playwright-java-189160567917063070\package\lib\server\dispatchers\frameDispatcher.js:248:30)
    at FrameDispatcher._handleCommand (C:\Users\gauta\AppData\Local\Temp\playwright-java-189160567917063070\package\lib\server\dispatchers\dispatcher.js:96:40)
    at DispatcherConnection.dispatch (C:\Users\gauta\AppData\Local\Temp\playwright-java-189160567917063070\package\lib\server\dispatchers\dispatcher.js:366:39)
}
Call log:
-   - waiting for getByPlaceholder("Email")

	at com.microsoft.playwright.impl.WaitableResult.get(WaitableResult.java:52)
	at com.microsoft.playwright.impl.ChannelOwner.runUntil(ChannelOwner.java:132)
	at com.microsoft.playwright.impl.Connection.sendMessage(Connection.java:130)
	at com.microsoft.playwright.impl.ChannelOwner.sendMessage(ChannelOwner.java:118)
	at com.microsoft.playwright.impl.FrameImpl.typeImpl(FrameImpl.java:843)
	at com.microsoft.playwright.impl.FrameImpl.lambda$type$40(FrameImpl.java:833)
	at com.microsoft.playwright.impl.LoggingSupport.lambda$withLogging$0(LoggingSupport.java:36)
	at com.microsoft.playwright.impl.LoggingSupport.withLogging(LoggingSupport.java:47)
	at com.microsoft.playwright.impl.ChannelOwner.withLogging(ChannelOwner.java:97)
	at com.microsoft.playwright.impl.LoggingSupport.withLogging(LoggingSupport.java:35)
	at com.microsoft.playwright.impl.FrameImpl.type(FrameImpl.java:833)
	at com.microsoft.playwright.impl.LocatorImpl.type(LocatorImpl.java:614)
	at com.microsoft.playwright.Locator.type(Locator.java:5302)
	at SettingsPage.settingsTestCasesIphone.login(settingsTestCasesIphone.java:53)
	at SettingsPage.settingsTestCasesIphone.changeParentName(settingsTestCasesIphone.java:123)
	at java.base/jdk.internal.reflect.DirectMethodHandleAccessor.invoke(DirectMethodHandleAccessor.java:103)
	at java.base/java.lang.reflect.Method.invoke(Method.java:580)
	at org.testng.internal.invokers.MethodInvocationHelper.invokeMethod(MethodInvocationHelper.java:141)
	at org.testng.internal.invokers.TestInvoker.invokeMethod(TestInvoker.java:687)
	at org.testng.internal.invokers.TestInvoker.invokeTestMethod(TestInvoker.java:230)
	at org.testng.internal.invokers.MethodRunner.runInSequence(MethodRunner.java:63)
	at org.testng.internal.invokers.TestInvoker$MethodInvocationAgent.invoke(TestInvoker.java:995)
	at org.testng.internal.invokers.TestInvoker.invokeTestMethods(TestInvoker.java:203)
	at org.testng.internal.invokers.TestMethodWorker.invokeTestMethods(TestMethodWorker.java:154)
	at org.testng.internal.invokers.TestMethodWorker.run(TestMethodWorker.java:134)
	at java.base/java.util.ArrayList.forEach(ArrayList.java:1596)
	at org.testng.TestRunner.privateRun(TestRunner.java:741)
	at org.testng.TestRunner.run(TestRunner.java:616)
	at org.testng.SuiteRunner.runTest(SuiteRunner.java:421)
	at org.testng.SuiteRunner.runSequentially(SuiteRunner.java:413)
	at org.testng.SuiteRunner.privateRun(SuiteRunner.java:373)
	at org.testng.SuiteRunner.run(SuiteRunner.java:312)
	at org.testng.SuiteRunnerWorker.runSuite(SuiteRunnerWorker.java:52)
	at org.testng.SuiteRunnerWorker.run(SuiteRunnerWorker.java:95)
	at org.testng.TestNG.runSuitesSequentially(TestNG.java:1274)
	at org.testng.TestNG.runSuitesLocally(TestNG.java:1208)
	at org.testng.TestNG.runSuites(TestNG.java:1112)
	at org.testng.TestNG.run(TestNG.java:1079)
	at org.apache.maven.surefire.testng.TestNGExecutor.run(TestNGExecutor.java:308)
	at org.apache.maven.surefire.testng.TestNGXmlTestSuite.execute(TestNGXmlTestSuite.java:71)
	at org.apache.maven.surefire.testng.TestNGProvider.invoke(TestNGProvider.java:113)
	at org.apache.maven.surefire.booter.ForkedBooter.runSuitesInProcess(ForkedBooter.java:385)
	at org.apache.maven.surefire.booter.ForkedBooter.execute(ForkedBooter.java:162)
	at org.apache.maven.surefire.booter.ForkedBooter.run(ForkedBooter.java:507)
	at org.apache.maven.surefire.booter.ForkedBooter.main(ForkedBooter.java:495)
Caused by: com.microsoft.playwright.TimeoutError: Error {
  message='Timeout 30000ms exceeded.
  name='TimeoutError
  stack='TimeoutError: Timeout 30000ms exceeded.
    at ProgressController.run (C:\Users\gauta\AppData\Local\Temp\playwright-java-189160567917063070\package\lib\server\progress.js:75:26)
    at Frame.type (C:\Users\gauta\AppData\Local\Temp\playwright-java-189160567917063070\package\lib\server\frames.js:1207:23)
    at FrameDispatcher.type (C:\Users\gauta\AppData\Local\Temp\playwright-java-189160567917063070\package\lib\server\dispatchers\frameDispatcher.js:248:30)
    at FrameDispatcher._handleCommand (C:\Users\gauta\AppData\Local\Temp\playwright-java-189160567917063070\package\lib\server\dispatchers\dispatcher.js:96:40)
    at DispatcherConnection.dispatch (C:\Users\gauta\AppData\Local\Temp\playwright-java-189160567917063070\package\lib\server\dispatchers\dispatcher.js:366:39)
}
Call log:
-   - waiting for getByPlaceholder("Email")

	at com.microsoft.playwright.impl.Connection.dispatch(Connection.java:254)
	at com.microsoft.playwright.impl.Connection.processOneMessage(Connection.java:211)
	at com.microsoft.playwright.impl.ChannelOwner.runUntil(ChannelOwner.java:130)
	... 43 more
]]></failure>
    <system-err><![CDATA[Apr 29, 2025 5:52:38 PM SettingsPage.settingsTestCasesIphone login
INFO: Login Page Opened
]]></system-err>
  </testcase>
</testsuite>